Using pre-set license
Built from '2020.3/staging' branch; Version is '2020.3.20f1 (41c4e627c95f) revision 4310246'; Using compiler version '192528614'; Build Type 'Release'
OS: 'Windows 10 Home; OS build 14393.2189; Version 1607; 64bit' Language: 'en' Physical Memory: 16343 MB
BatchMode: 1, IsHumanControllingUs: 0, StartBugReporterOnCrash: 0, Is64bit: 1, IsPro: 0

COMMAND LINE ARGUMENTS:
C:\Program Files\Unity\Hub\Editor\2020.3.20f1\Editor\Unity.exe
-adb2
-batchMode
-noUpm
-name
AssetImportWorker0
-projectPath
C:/Users/meng/project2
-logFile
Logs/AssetImportWorker0.log
-srvPort
54675
Successfully changed project path to: C:/Users/meng/project2
C:/Users/meng/project2
Using Asset Import Pipeline V2.
Refreshing native plugins compatible for Editor in 105.02 ms, found 11 plugins.
Preloading 1 native plugins for Editor in 0.86 ms.
Initialize engine version: 2020.3.20f1 (41c4e627c95f)
[Subsystems] Discovering subsystems at path C:/Program Files/Unity/Hub/Editor/2020.3.20f1/Editor/Data/Resources/UnitySubsystems
[Subsystems] Discovering subsystems at path C:/Users/meng/project2/Assets
GfxDevice: creating device client; threaded=0
Direct3D:
    Version:  Direct3D 11.0 [level 11.1]
    Renderer: NVIDIA GeForce GTX 1070 (ID=0x1be1)
    Vendor:   
    VRAM:     8093 MB
    Driver:   23.21.13.8863
Shader 'Oculus/OVRMRCameraFrameLit': fallback shader 'Alpha-Diffuse' not found
Initialize mono
Mono path[0] = 'C:/Program Files/Unity/Hub/Editor/2020.3.20f1/Editor/Data/Managed'
Mono path[1] = 'C:/Program Files/Unity/Hub/Editor/2020.3.20f1/Editor/Data/MonoBleedingEdge/lib/mono/unityjit'
Mono config path = 'C:/Program Files/Unity/Hub/Editor/2020.3.20f1/Editor/Data/MonoBleedingEdge/etc'
Using monoOptions --debugger-agent=transport=dt_socket,embedding=1,server=y,suspend=n,address=127.0.0.1:56164
Begin MonoManager ReloadAssembly
Registering precompiled unity dll's ...
Register platform support module: C:/Program Files/Unity/Hub/Editor/2020.3.20f1/Editor/Data/PlaybackEngines/WindowsStandaloneSupport/UnityEditor.WindowsStandalone.Extensions.dll
Registered in 0.001352 seconds.
Native extension for WindowsStandalone target not found
Refreshing native plugins compatible for Editor in 85.35 ms, found 11 plugins.
Preloading 1 native plugins for Editor in 0.06 ms.
Mono: successfully reloaded assembly
- Completed reload, in  1.709 seconds
Domain Reload Profiling:
	ReloadAssembly (1709ms)
		BeginReloadAssembly (48ms)
			ExecutionOrderSort (0ms)
			DisableScriptedObjects (0ms)
			BackupInstance (0ms)
			ReleaseScriptingObjects (0ms)
			CreateAndSetChildDomain (1ms)
		EndReloadAssembly (454ms)
			LoadAssemblies (46ms)
			RebuildTransferFunctionScriptingTraits (0ms)
			SetupTypeCache (150ms)
			ReleaseScriptCaches (0ms)
			RebuildScriptCaches (28ms)
			SetupLoadedEditorAssemblies (203ms)
				LogAssemblyErrors (0ms)
				InitializePlatformSupportModulesInManaged (4ms)
				SetLoadedEditorAssemblies (0ms)
				RefreshPlugins (85ms)
				BeforeProcessingInitializeOnLoad (8ms)
				ProcessInitializeOnLoadAttributes (78ms)
				ProcessInitializeOnLoadMethodAttributes (28ms)
				AfterProcessingInitializeOnLoad (0ms)
				EditorAssembliesLoaded (0ms)
			ExecutionOrderSort2 (0ms)
			AwakeInstancesAfterBackupRestoration (0ms)
Platform modules already initialized, skipping
Registering precompiled user dll's ...
Registered in 0.007969 seconds.
Begin MonoManager ReloadAssembly
Native extension for WindowsStandalone target not found
Refreshing native plugins compatible for Editor in 87.30 ms, found 11 plugins.
Preloading 1 native plugins for Editor in 0.06 ms.
[XR] OculusXRPlugin: registering subsystems
[XR] Unable to register display lifecyle provider: [1]
[XR] Oculus Input lifecycle provider registered.
[XR] Unable to register input lifecyle provider: [1]
[XR] OVRP version 1.65.0
Mono: successfully reloaded assembly
- Completed reload, in  1.316 seconds
Domain Reload Profiling:
	ReloadAssembly (1317ms)
		BeginReloadAssembly (142ms)
			ExecutionOrderSort (0ms)
			DisableScriptedObjects (5ms)
			BackupInstance (0ms)
			ReleaseScriptingObjects (0ms)
			CreateAndSetChildDomain (16ms)
		EndReloadAssembly (1116ms)
			LoadAssemblies (92ms)
			RebuildTransferFunctionScriptingTraits (0ms)
			SetupTypeCache (358ms)
			ReleaseScriptCaches (1ms)
			RebuildScriptCaches (63ms)
			SetupLoadedEditorAssemblies (462ms)
				LogAssemblyErrors (0ms)
				InitializePlatformSupportModulesInManaged (4ms)
				SetLoadedEditorAssemblies (0ms)
				RefreshPlugins (87ms)
				BeforeProcessingInitializeOnLoad (88ms)
				ProcessInitializeOnLoadAttributes (267ms)
				ProcessInitializeOnLoadMethodAttributes (12ms)
				AfterProcessingInitializeOnLoad (5ms)
				EditorAssembliesLoaded (0ms)
			ExecutionOrderSort2 (0ms)
			AwakeInstancesAfterBackupRestoration (6ms)
Platform modules already initialized, skipping
========================================================================
Worker process is ready to serve import requests
Shader 'Oculus/OVRMRCameraFrameLit': fallback shader 'Alpha-Diffuse' not found
Launched and connected shader compiler UnityShaderCompiler.exe after 0.06 seconds
Refreshing native plugins compatible for Editor in 1.11 ms, found 11 plugins.
Preloading 1 native plugins for Editor in 0.07 ms.
Unloading 3935 Unused Serialized files (Serialized files now loaded: 0)
System memory in use before: 175.3 MB.
System memory in use after: 175.9 MB.

Unloading 62 unused Assets to reduce memory usage. Loaded Objects now: 4358.
Total: 3.998324 ms (FindLiveObjects: 0.372716 ms CreateObjectMapping: 0.236606 ms MarkObjects: 3.305432 ms  DeleteObjects: 0.082512 ms)

AssetImportParameters requested are different than current active one (requested -> active):
  custom:framework-win-MediaFoundation: 216162199b28c13a410421893ffa2e32 -> 
  custom:video-decoder-ogg-theora: a1e56fd34408186e4bbccfd4996cb3dc -> 
  custom:container-muxer-webm: aa71ff27fc2769a1b78a27578f13a17b -> 
  custom:container-demuxer-webm: 4f35f7cbe854078d1ac9338744f61a02 -> 
  custom:container-demuxer-ogg: 62fdf1f143b41e24485cea50d1cbac27 -> 
  custom:video-encoder-webm-vp8: eb34c28f22e8b96e1ab97ce403110664 -> 
  custom:video-codec-MediaFoundation-h265: 55f8c8538cf0483ab7069ead6b737db2 -> 
  custom:video-decoder-webm-vp8: 9c59270c3fd7afecdb556c50c9e8de78 -> 
  custom:audio-decoder-ogg-vorbis: bf7c407c2cedff20999df2af8eb42d56 -> 
  custom:audio-encoder-webm-vorbis: bf7c407c2cedff20999df2af8eb42d56 -> 
========================================================================
Received Import Request.
  path: Assets/Settings
  artifactKey: Guid(0735c275001a2c84dafdb30deced5d8d) Importer(815301076,1909f56bfc062723c751e8b465ee728b)
Start importing Assets/Settings using Guid(0735c275001a2c84dafdb30deced5d8d) Importer(815301076,1909f56bfc062723c751e8b465ee728b)  -> (artifact id: 'cadd7ca10b5bf32e886eec457cf073a7') in 0.006454 seconds 
  Import took 0.012238 seconds .

========================================================================
Received Import Request.
  Time since last request: 173.623992 seconds.
  path: Assets/XR/Settings/Open XR Package Settings.asset
  artifactKey: Guid(396e888a8f6934648af4347df38c4c3d) Importer(815301076,1909f56bfc062723c751e8b465ee728b)
Start importing Assets/XR/Settings/Open XR Package Settings.asset using Guid(396e888a8f6934648af4347df38c4c3d) Importer(815301076,1909f56bfc062723c751e8b465ee728b)  -> (artifact id: '75e456175939dc79990ea7ceb4d672bb') in 0.031716 seconds 
  Import took 0.040871 seconds .

========================================================================
Received Import Request.
  Time since last request: 0.001224 seconds.
  path: Assets/Oculus/SampleFramework/Core/CustomHands/Animations/r_hand_cap_touch_thumb_mask_anim.fbx
  artifactKey: Guid(335d75faf2966944c94ee3b473124610) Importer(815301076,1909f56bfc062723c751e8b465ee728b)
Start importing Assets/Oculus/SampleFramework/Core/CustomHands/Animations/r_hand_cap_touch_thumb_mask_anim.fbx using Guid(335d75faf2966944c94ee3b473124610) Importer(815301076,1909f56bfc062723c751e8b465ee728b)  -> (artifact id: 'b11a6085e1aaa49f641929d009bef2cd') in 0.028279 seconds 
  Import took 0.035644 seconds .

========================================================================
Received Import Request.
  Time since last request: 0.000761 seconds.
  path: Assets/Oculus/SampleFramework/Core/CustomHands/Animations/r_hand_default_anim.fbx
  artifactKey: Guid(b6c38558987444240b3b3950e4450b77) Importer(815301076,1909f56bfc062723c751e8b465ee728b)
Start importing Assets/Oculus/SampleFramework/Core/CustomHands/Animations/r_hand_default_anim.fbx using Guid(b6c38558987444240b3b3950e4450b77) Importer(815301076,1909f56bfc062723c751e8b465ee728b)  -> (artifact id: '09ed4d1d15faef30b4339091ff2d2c63') in 0.009916 seconds 
  Import took 0.016526 seconds .

========================================================================
Received Import Request.
  Time since last request: 0.000809 seconds.
  path: Assets/Oculus/SampleFramework/Core/CustomHands/Animations/old_l_hand_pinch_anim.fbx
  artifactKey: Guid(e7d2f46c372333a47a3d2cb064903562) Importer(815301076,1909f56bfc062723c751e8b465ee728b)
Start importing Assets/Oculus/SampleFramework/Core/CustomHands/Animations/old_l_hand_pinch_anim.fbx using Guid(e7d2f46c372333a47a3d2cb064903562) Importer(815301076,1909f56bfc062723c751e8b465ee728b)  -> (artifact id: '261e83358da0e72d3bbfa032f0b558bc') in 0.009945 seconds 
  Import took 0.017658 seconds .

========================================================================
Received Import Request.
  Time since last request: 0.000951 seconds.
  path: Assets/Oculus/SampleFramework/Core/CustomHands/Animations/r_hand_cap_touch_index_mask_anim.fbx
  artifactKey: Guid(8e1d6427aa0b5584ab3744e9988d6e7b) Importer(815301076,1909f56bfc062723c751e8b465ee728b)
Start importing Assets/Oculus/SampleFramework/Core/CustomHands/Animations/r_hand_cap_touch_index_mask_anim.fbx using Guid(8e1d6427aa0b5584ab3744e9988d6e7b) Importer(815301076,1909f56bfc062723c751e8b465ee728b)  -> (artifact id: '11d1c14f7291b56a27cbdba2a5d3cf1a') in 0.009551 seconds 
  Import took 0.017172 seconds .

========================================================================
Received Import Request.
  Time since last request: 0.001165 seconds.
  path: Assets/Oculus/SampleFramework/Core/CustomHands/Animations/old_r_hand_pinch_anim.fbx
  artifactKey: Guid(6e0d791d9e2bdcd4f80b32d42036676f) Importer(815301076,1909f56bfc062723c751e8b465ee728b)
Start importing Assets/Oculus/SampleFramework/Core/CustomHands/Animations/old_r_hand_pinch_anim.fbx using Guid(6e0d791d9e2bdcd4f80b32d42036676f) Importer(815301076,1909f56bfc062723c751e8b465ee728b)  -> (artifact id: '7b248d1a21c4f789b6a67c0ef773dbd9') in 0.009533 seconds 
  Import took 0.016044 seconds .

========================================================================
Received Import Request.
  Time since last request: 0.000828 seconds.
  path: Assets/Oculus/SampleFramework/Core/CustomHands/Animations/r_hand_relax_3qtr_fist_anim.fbx
  artifactKey: Guid(649ee9096089b1342bee9132e3ccc8bd) Importer(815301076,1909f56bfc062723c751e8b465ee728b)
Start importing Assets/Oculus/SampleFramework/Core/CustomHands/Animations/r_hand_relax_3qtr_fist_anim.fbx using Guid(649ee9096089b1342bee9132e3ccc8bd) Importer(815301076,1909f56bfc062723c751e8b465ee728b)  -> (artifact id: 'f287bce2f3d9a5e0d83ff13665a4a75d') in 0.010520 seconds 
  Import took 0.017301 seconds .

========================================================================
Received Import Request.
  Time since last request: 0.000843 seconds.
  path: Assets/Oculus/SampleFramework/Core/CustomHands/Animations/r_hand_hold_ping_pong_ball_anim.fbx
  artifactKey: Guid(7bf81deb4ead62e4c9de1e69bb491c00) Importer(815301076,1909f56bfc062723c751e8b465ee728b)
Start importing Assets/Oculus/SampleFramework/Core/CustomHands/Animations/r_hand_hold_ping_pong_ball_anim.fbx using Guid(7bf81deb4ead62e4c9de1e69bb491c00) Importer(815301076,1909f56bfc062723c751e8b465ee728b)  -> (artifact id: 'd0106f40b268fbd7f6970d05069d985a') in 0.009970 seconds 
  Import took 0.016328 seconds .

========================================================================
Received Import Request.
  Time since last request: 0.000835 seconds.
  path: Assets/Oculus/SampleFramework/Core/CustomHands/Animations/r_hand_pinch_anim.fbx
  artifactKey: Guid(165871bb4fa915847973b6955c7a670d) Importer(815301076,1909f56bfc062723c751e8b465ee728b)
Start importing Assets/Oculus/SampleFramework/Core/CustomHands/Animations/r_hand_pinch_anim.fbx using Guid(165871bb4fa915847973b6955c7a670d) Importer(815301076,1909f56bfc062723c751e8b465ee728b)  -> (artifact id: '01a3f08b40d4c80378efa59670f00ff9') in 0.010393 seconds 
  Import took 0.018166 seconds .

========================================================================
Received Import Request.
  Time since last request: 0.000784 seconds.
  path: Assets/Oculus/SampleFramework/Core/CustomHands/Animations/r_hand_point_anim.fbx
  artifactKey: Guid(a00bb4e2a48d6b04f9a9865f78869df2) Importer(815301076,1909f56bfc062723c751e8b465ee728b)
Start importing Assets/Oculus/SampleFramework/Core/CustomHands/Animations/r_hand_point_anim.fbx using Guid(a00bb4e2a48d6b04f9a9865f78869df2) Importer(815301076,1909f56bfc062723c751e8b465ee728b)  -> (artifact id: 'cdd7708fd7d5c5e8c4f89feb7185bd36') in 0.010388 seconds 
  Import took 0.016771 seconds .

========================================================================
Received Import Request.
  Time since last request: 0.000747 seconds.
  path: Assets/Oculus/SampleFramework/Core/CustomHands/Animations/r_hand_hold_generic_anim.fbx
  artifactKey: Guid(6c41a6e223fece0458162624394578d6) Importer(815301076,1909f56bfc062723c751e8b465ee728b)
Start importing Assets/Oculus/SampleFramework/Core/CustomHands/Animations/r_hand_hold_generic_anim.fbx using Guid(6c41a6e223fece0458162624394578d6) Importer(815301076,1909f56bfc062723c751e8b465ee728b)  -> (artifact id: '47b53080d190eade7e6f8dc0ba1df288') in 0.011111 seconds 
  Import took 0.017576 seconds .

========================================================================
Received Import Request.
  Time since last request: 0.000698 seconds.
  path: Assets/Oculus/SampleFramework/Core/CustomHands/Animations/r_hand_thumbs_up_anim.fbx
  artifactKey: Guid(367eacd8142e4ca478642189323d9cee) Importer(815301076,1909f56bfc062723c751e8b465ee728b)
Start importing Assets/Oculus/SampleFramework/Core/CustomHands/Animations/r_hand_thumbs_up_anim.fbx using Guid(367eacd8142e4ca478642189323d9cee) Importer(815301076,1909f56bfc062723c751e8b465ee728b)  -> (artifact id: '03a4bd2e3950a277ca468ad33064b700') in 0.009556 seconds 
  Import took 0.016366 seconds .

========================================================================
Received Import Request.
  Time since last request: 0.000741 seconds.
  path: Assets/Oculus/SampleFramework/Core/HandsInteraction/Materials/SystemGestureHandMaterial.mat
  artifactKey: Guid(6b3381fce337f7049a8972d9356bde5e) Importer(815301076,1909f56bfc062723c751e8b465ee728b)
Start importing Assets/Oculus/SampleFramework/Core/HandsInteraction/Materials/SystemGestureHandMaterial.mat using Guid(6b3381fce337f7049a8972d9356bde5e) Importer(815301076,1909f56bfc062723c751e8b465ee728b)  -> (artifact id: 'af33224584561b0f4596807c83774245') in 0.216290 seconds 
  Import took 0.223165 seconds .

========================================================================
Received Import Request.
  Time since last request: 0.000784 seconds.
  path: Assets/Oculus/SampleFramework/Core/CustomHands/Animations/r_hand_squirtgun_squeeze.fbx
  artifactKey: Guid(0f07644e420a94efea12b56371e388e3) Importer(815301076,1909f56bfc062723c751e8b465ee728b)
Start importing Assets/Oculus/SampleFramework/Core/CustomHands/Animations/r_hand_squirtgun_squeeze.fbx using Guid(0f07644e420a94efea12b56371e388e3) Importer(815301076,1909f56bfc062723c751e8b465ee728b)  -> (artifact id: '3c775e3f23652984527330b89fe7e730') in 0.010615 seconds 
  Import took 0.017211 seconds .

========================================================================
Received Import Request.
  Time since last request: 0.000912 seconds.
  path: Assets/Oculus/SampleFramework/Core/CustomHands/Animations/r_hand_fist_anim.fbx
  artifactKey: Guid(005ab0ae8aa7f74438a5fa50f7cd50e3) Importer(815301076,1909f56bfc062723c751e8b465ee728b)
Start importing Assets/Oculus/SampleFramework/Core/CustomHands/Animations/r_hand_fist_anim.fbx using Guid(005ab0ae8aa7f74438a5fa50f7cd50e3) Importer(815301076,1909f56bfc062723c751e8b465ee728b)  -> (artifact id: '3adce4435854f1eb09af4a544c8862fe') in 0.009752 seconds 
  Import took 0.016321 seconds .

========================================================================
Received Import Request.
  Time since last request: 0.000840 seconds.
  path: Assets/Oculus/SampleFramework/Core/CustomHands/Animations/r_hand_hold_billiard_ball_anim.fbx
  artifactKey: Guid(49313745e0e0842789ab3723bbc0d74c) Importer(815301076,1909f56bfc062723c751e8b465ee728b)
Start importing Assets/Oculus/SampleFramework/Core/CustomHands/Animations/r_hand_hold_billiard_ball_anim.fbx using Guid(49313745e0e0842789ab3723bbc0d74c) Importer(815301076,1909f56bfc062723c751e8b465ee728b)  -> (artifact id: 'd171f659ae3abd4cd02b362dad9025fd') in 0.009915 seconds 
  Import took 0.017758 seconds .

========================================================================
Received Import Request.
  Time since last request: 0.000748 seconds.
  path: Assets/Oculus/SampleFramework/Core/CustomHands/Animations/r_hand_cap_touch_anim.fbx
  artifactKey: Guid(e20fcbe7f2c351b4096e9fc3f6a320ae) Importer(815301076,1909f56bfc062723c751e8b465ee728b)
Start importing Assets/Oculus/SampleFramework/Core/CustomHands/Animations/r_hand_cap_touch_anim.fbx using Guid(e20fcbe7f2c351b4096e9fc3f6a320ae) Importer(815301076,1909f56bfc062723c751e8b465ee728b)  -> (artifact id: 'b3f0a64afe584e59d33cfc165d6e8e50') in 0.010149 seconds 
  Import took 0.017210 seconds .

========================================================================
Received Import Request.
  Time since last request: 0.000732 seconds.
  path: Assets/Oculus/SampleFramework/Core/CustomHands/Animations/r_hand_hold_r_controller_anim.fbx
  artifactKey: Guid(323906a7e4d1c1049b00339691b2db98) Importer(815301076,1909f56bfc062723c751e8b465ee728b)
Start importing Assets/Oculus/SampleFramework/Core/CustomHands/Animations/r_hand_hold_r_controller_anim.fbx using Guid(323906a7e4d1c1049b00339691b2db98) Importer(815301076,1909f56bfc062723c751e8b465ee728b)  -> (artifact id: 'e5a8edc07cbed440fcdccfd10fa6d1a4') in 0.010382 seconds 
  Import took 0.016881 seconds .

========================================================================
Received Import Request.
  Time since last request: 0.000726 seconds.
  path: Assets/Oculus/SampleFramework/Core/CustomHands/Animations/r_hand_squirtgun_hold.fbx
  artifactKey: Guid(da9d238ccd8894d5bad0dbb14cf41280) Importer(815301076,1909f56bfc062723c751e8b465ee728b)
Start importing Assets/Oculus/SampleFramework/Core/CustomHands/Animations/r_hand_squirtgun_hold.fbx using Guid(da9d238ccd8894d5bad0dbb14cf41280) Importer(815301076,1909f56bfc062723c751e8b465ee728b)  -> (artifact id: '7b7ffc1169d4e9efde706150f2e76b34') in 0.011581 seconds 
  Import took 0.018793 seconds .

========================================================================
Received Import Request.
  Time since last request: 0.001223 seconds.
  path: Assets/Oculus/SampleFramework/Core/CustomHands/Animations/r_hand_relax_mid_fist_anim.fbx
  artifactKey: Guid(3c1e2504e79f7a242a8a0c8a4add2578) Importer(815301076,1909f56bfc062723c751e8b465ee728b)
Start importing Assets/Oculus/SampleFramework/Core/CustomHands/Animations/r_hand_relax_mid_fist_anim.fbx using Guid(3c1e2504e79f7a242a8a0c8a4add2578) Importer(815301076,1909f56bfc062723c751e8b465ee728b)  -> (artifact id: '0aba63e4f56680683d3641001d29e94a') in 0.012045 seconds 
  Import took 0.019037 seconds .

